<?xml version="1.0" encoding="UTF-8"?>
<testng-results ignored="0" total="2" passed="2" failed="0" skipped="0">
  <reporter-output>
  </reporter-output>
  <suite started-at="2024-08-26T22:57:07 IST" name="Default suite" finished-at="2024-08-26T22:57:22 IST" duration-ms="14786">
    <groups>
    </groups>
    <test started-at="2024-08-26T22:57:07 IST" name="Default test" finished-at="2024-08-26T22:57:22 IST" duration-ms="14786">
      <class name="automationstore.Eva2">
        <test-method is-config="true" signature="setup()[pri:0, instance:automationstore.Eva2@70ed52de]" started-at="2024-08-26T22:57:07 IST" name="setup" finished-at="2024-08-26T22:57:15 IST" duration-ms="7173" status="PASS">
          <reporter-output>
          </reporter-output>
        </test-method> <!-- setup -->
        <test-method signature="t1()[pri:0, instance:automationstore.Eva2@70ed52de]" started-at="2024-08-26T22:57:15 IST" name="t1" finished-at="2024-08-26T22:57:17 IST" duration-ms="2390" status="PASS">
          <reporter-output>
          </reporter-output>
        </test-method> <!-- t1 -->
        <test-method signature="t2()[pri:0, instance:automationstore.Eva2@70ed52de]" started-at="2024-08-26T22:57:17 IST" name="t2" finished-at="2024-08-26T22:57:22 IST" duration-ms="4883" status="PASS">
          <reporter-output>
          </reporter-output>
        </test-method> <!-- t2 -->
        <test-method is-config="true" signature="teardown()[pri:0, instance:automationstore.Eva2@70ed52de]" started-at="2024-08-26T22:57:22 IST" name="teardown" finished-at="2024-08-26T22:57:22 IST" duration-ms="268" status="PASS">
          <reporter-output>
          </reporter-output>
        </test-method> <!-- teardown -->
      </class> <!-- automationstore.Eva2 -->
    </test> <!-- Default test -->
  </suite> <!-- Default suite -->
</testng-results>
